<?xml version="1.0" encoding="UTF-8"?>
<!-- Generated by org.testng.reporters.JUnitReportReporter -->
<testsuite hostname="DESKTOP-O9OR2BF" failures="0" tests="1" name="com.Instagram.MainPage.Notification_follow_MainPage" time="12.664" errors="0" timestamp="2023-03-19T11:27:07 IST" skipped="0">
  <testcase classname="com.Instagram.MainPage.Notification_follow_MainPage" name="incFollowers" time="12.664"/>
  <system-out/>
</testsuite> <!-- com.Instagram.MainPage.Notification_follow_MainPage -->
