<?xml version="1.0" encoding="UTF-8"?>
<!-- Generated by org.testng.reporters.JUnitReportReporter -->
<testsuite hostname="DESKTOP-O9OR2BF" failures="0" tests="1" name="testcases.UploadPic_MainPage" time="30.311" errors="0" timestamp="2023-05-07T10:35:00 IST" skipped="0">
  <testcase classname="testcases.UploadPic_MainPage" name="uploadPicture" time="30.311"/>
  <system-out/>
</testsuite> <!-- testcases.UploadPic_MainPage -->
